<?xml version="1.0" encoding="UTF-8"?>
<testsuite xmlns:xsi="http://www.w3.org/2001/XMLSchema-instance" xsi:noNamespaceSchemaLocation="https://maven.apache.org/surefire/maven-surefire-plugin/xsd/surefire-test-report-3.0.xsd" version="3.0" name="ranper.ClienteServiceTest" time="0.0" tests="4" errors="0" skipped="0" failures="0">
  <properties>
    <property name="sun.desktop" value="windows"/>
    <property name="awt.toolkit" value="sun.awt.windows.WToolkit"/>
    <property name="java.specification.version" value="11"/>
    <property name="sun.cpu.isalist" value="amd64"/>
    <property name="sun.jnu.encoding" value="Cp1252"/>
    <property name="java.class.path" value="C:\Users\R4NP3R\eclipse-workspace\vendasMonolitico\target\test-classes;C:\Users\R4NP3R\eclipse-workspace\vendasMonolitico\target\classes;C:\Users\R4NP3R\.m2\repository\org\jboss\spec\jboss-javaee-all-7.0\1.1.1.Final\jboss-javaee-all-7.0-1.1.1.Final.jar;C:\Users\R4NP3R\.m2\repository\javax\activation\activation\1.1.1\activation-1.1.1.jar;C:\Users\R4NP3R\.m2\repository\javax\enterprise\cdi-api\1.2\cdi-api-1.2.jar;C:\Users\R4NP3R\.m2\repository\javax\inject\javax.inject\1\javax.inject-1.jar;C:\Users\R4NP3R\.m2\repository\javax\jws\jsr181-api\1.0-MR1\jsr181-api-1.0-MR1.jar;C:\Users\R4NP3R\.m2\repository\com\sun\mail\javax.mail\1.5.6\javax.mail-1.5.6.jar;C:\Users\R4NP3R\.m2\repository\javax\validation\validation-api\1.1.0.Final\validation-api-1.1.0.Final.jar;C:\Users\R4NP3R\.m2\repository\org\hibernate\javax\persistence\hibernate-jpa-2.1-api\1.0.0.Final\hibernate-jpa-2.1-api-1.0.0.Final.jar;C:\Users\R4NP3R\.m2\repository\org\jboss\spec\javax\annotation\jboss-annotations-api_1.2_spec\1.0.2.Final\jboss-annotations-api_1.2_spec-1.0.2.Final.jar;C:\Users\R4NP3R\.m2\repository\org\jboss\spec\javax\batch\jboss-batch-api_1.0_spec\1.0.1.Final\jboss-batch-api_1.0_spec-1.0.1.Final.jar;C:\Users\R4NP3R\.m2\repository\org\jboss\spec\javax\ejb\jboss-ejb-api_3.2_spec\1.0.1.Final\jboss-ejb-api_3.2_spec-1.0.1.Final.jar;C:\Users\R4NP3R\.m2\repository\org\jboss\spec\javax\el\jboss-el-api_3.0_spec\1.0.11.Final\jboss-el-api_3.0_spec-1.0.11.Final.jar;C:\Users\R4NP3R\.m2\repository\org\jboss\spec\javax\enterprise\concurrent\jboss-concurrency-api_1.0_spec\1.0.1.Final\jboss-concurrency-api_1.0_spec-1.0.1.Final.jar;C:\Users\R4NP3R\.m2\repository\org\jboss\spec\javax\faces\jboss-jsf-api_2.2_spec\2.2.14\jboss-jsf-api_2.2_spec-2.2.14.jar;C:\Users\R4NP3R\.m2\repository\org\jboss\spec\javax\interceptor\jboss-interceptors-api_1.2_spec\1.0.1.Final\jboss-interceptors-api_1.2_spec-1.0.1.Final.jar;C:\Users\R4NP3R\.m2\repository\org\jboss\spec\javax\json\jboss-json-api_1.0_spec\1.0.1.Final\jboss-json-api_1.0_spec-1.0.1.Final.jar;C:\Users\R4NP3R\.m2\repository\org\jboss\spec\javax\management\j2ee\jboss-j2eemgmt-api_1.1_spec\1.0.2.Final\jboss-j2eemgmt-api_1.1_spec-1.0.2.Final.jar;C:\Users\R4NP3R\.m2\repository\org\jboss\spec\javax\resource\jboss-connector-api_1.7_spec\1.0.1.Final\jboss-connector-api_1.7_spec-1.0.1.Final.jar;C:\Users\R4NP3R\.m2\repository\org\jboss\spec\javax\rmi\jboss-rmi-api_1.0_spec\1.0.6.Final\jboss-rmi-api_1.0_spec-1.0.6.Final.jar;C:\Users\R4NP3R\.m2\repository\org\jboss\spec\javax\security\jacc\jboss-jacc-api_1.5_spec\1.0.2.Final\jboss-jacc-api_1.5_spec-1.0.2.Final.jar;C:\Users\R4NP3R\.m2\repository\org\jboss\spec\javax\servlet\jboss-servlet-api_3.1_spec\1.0.0.Final\jboss-servlet-api_3.1_spec-1.0.0.Final.jar;C:\Users\R4NP3R\.m2\repository\org\jboss\spec\javax\security\auth\message\jboss-jaspi-api_1.1_spec\1.0.2.Final\jboss-jaspi-api_1.1_spec-1.0.2.Final.jar;C:\Users\R4NP3R\.m2\repository\org\jboss\spec\javax\jms\jboss-jms-api_2.0_spec\1.0.2.Final\jboss-jms-api_2.0_spec-1.0.2.Final.jar;C:\Users\R4NP3R\.m2\repository\org\jboss\spec\javax\transaction\jboss-transaction-api_1.2_spec\1.1.1.Final\jboss-transaction-api_1.2_spec-1.1.1.Final.jar;C:\Users\R4NP3R\.m2\repository\org\jboss\spec\javax\ws\rs\jboss-jaxrs-api_2.0_spec\1.0.1.Final\jboss-jaxrs-api_2.0_spec-1.0.1.Final.jar;C:\Users\R4NP3R\.m2\repository\org\jboss\spec\javax\websocket\jboss-websocket-api_1.1_spec\1.1.3.Final\jboss-websocket-api_1.1_spec-1.1.3.Final.jar;C:\Users\R4NP3R\.m2\repository\org\jboss\spec\javax\xml\bind\jboss-jaxb-api_2.2_spec\1.0.5.Final\jboss-jaxb-api_2.2_spec-1.0.5.Final.jar;C:\Users\R4NP3R\.m2\repository\org\jboss\spec\javax\xml\soap\jboss-saaj-api_1.3_spec\1.0.6.Final\jboss-saaj-api_1.3_spec-1.0.6.Final.jar;C:\Users\R4NP3R\.m2\repository\org\jboss\spec\javax\xml\ws\jboss-jaxws-api_2.2_spec\2.0.5.Final\jboss-jaxws-api_2.2_spec-2.0.5.Final.jar;C:\Users\R4NP3R\.m2\repository\org\glassfish\jakarta.faces\4.1.0-M1\jakarta.faces-4.1.0-M1.jar;C:\Users\R4NP3R\.m2\repository\jakarta\annotation\jakarta.annotation-api\3.0.0-M1\jakarta.annotation-api-3.0.0-M1.jar;C:\Users\R4NP3R\.m2\repository\org\primefaces\primefaces\11.0.0\primefaces-11.0.0.jar;C:\Users\R4NP3R\.m2\repository\org\primefaces\themes\all-themes\1.0.10\all-themes-1.0.10.jar;C:\Users\R4NP3R\.m2\repository\org\postgresql\postgresql\42.3.2\postgresql-42.3.2.jar;C:\Users\R4NP3R\.m2\repository\org\checkerframework\checker-qual\3.5.0\checker-qual-3.5.0.jar;C:\Users\R4NP3R\.m2\repository\junit\junit\4.13.2\junit-4.13.2.jar;C:\Users\R4NP3R\.m2\repository\org\hamcrest\hamcrest-core\1.3\hamcrest-core-1.3.jar;C:\Users\R4NP3R\.m2\repository\javax\batch\javax.batch-api\1.0.1\javax.batch-api-1.0.1.jar;C:\Users\R4NP3R\.m2\repository\org\hibernate\orm\hibernate-core\6.4.4.Final\hibernate-core-6.4.4.Final.jar;C:\Users\R4NP3R\.m2\repository\jakarta\persistence\jakarta.persistence-api\3.1.0\jakarta.persistence-api-3.1.0.jar;C:\Users\R4NP3R\.m2\repository\jakarta\transaction\jakarta.transaction-api\2.0.1\jakarta.transaction-api-2.0.1.jar;C:\Users\R4NP3R\.m2\repository\org\jboss\logging\jboss-logging\3.5.0.Final\jboss-logging-3.5.0.Final.jar;C:\Users\R4NP3R\.m2\repository\org\hibernate\common\hibernate-commons-annotations\6.0.6.Final\hibernate-commons-annotations-6.0.6.Final.jar;C:\Users\R4NP3R\.m2\repository\io\smallrye\jandex\3.1.2\jandex-3.1.2.jar;C:\Users\R4NP3R\.m2\repository\com\fasterxml\classmate\1.5.1\classmate-1.5.1.jar;C:\Users\R4NP3R\.m2\repository\net\bytebuddy\byte-buddy\1.14.11\byte-buddy-1.14.11.jar;C:\Users\R4NP3R\.m2\repository\jakarta\xml\bind\jakarta.xml.bind-api\4.0.0\jakarta.xml.bind-api-4.0.0.jar;C:\Users\R4NP3R\.m2\repository\jakarta\activation\jakarta.activation-api\2.1.0\jakarta.activation-api-2.1.0.jar;C:\Users\R4NP3R\.m2\repository\org\glassfish\jaxb\jaxb-runtime\4.0.2\jaxb-runtime-4.0.2.jar;C:\Users\R4NP3R\.m2\repository\org\glassfish\jaxb\jaxb-core\4.0.2\jaxb-core-4.0.2.jar;C:\Users\R4NP3R\.m2\repository\org\eclipse\angus\angus-activation\2.0.0\angus-activation-2.0.0.jar;C:\Users\R4NP3R\.m2\repository\org\glassfish\jaxb\txw2\4.0.2\txw2-4.0.2.jar;C:\Users\R4NP3R\.m2\repository\com\sun\istack\istack-commons-runtime\4.1.1\istack-commons-runtime-4.1.1.jar;C:\Users\R4NP3R\.m2\repository\jakarta\inject\jakarta.inject-api\2.0.1\jakarta.inject-api-2.0.1.jar;C:\Users\R4NP3R\.m2\repository\org\antlr\antlr4-runtime\4.13.0\antlr4-runtime-4.13.0.jar;"/>
    <property name="java.vm.vendor" value="Oracle Corporation"/>
    <property name="sun.arch.data.model" value="64"/>
    <property name="user.variant" value=""/>
    <property name="java.vendor.url" value="https://openjdk.java.net/"/>
    <property name="user.timezone" value="America/Sao_Paulo"/>
    <property name="user.country.format" value="BR"/>
    <property name="java.vm.specification.version" value="11"/>
    <property name="os.name" value="Windows 10"/>
    <property name="sun.java.launcher" value="SUN_STANDARD"/>
    <property name="user.country" value="US"/>
    <property name="sun.boot.library.path" value="C:\Program Files\Java\jdk-11\bin"/>
    <property name="sun.java.command" value="C:\Users\R4NP3R\AppData\Local\Temp\surefire7069381798534084776\surefirebooter-20240327111711609_3.jar C:\Users\R4NP3R\AppData\Local\Temp\surefire7069381798534084776 2024-03-27T11-17-11_447-jvmRun1 surefire-20240327111711609_1tmp surefire_0-20240327111711609_2tmp"/>
    <property name="jdk.debug" value="release"/>
    <property name="surefire.test.class.path" value="C:\Users\R4NP3R\eclipse-workspace\vendasMonolitico\target\test-classes;C:\Users\R4NP3R\eclipse-workspace\vendasMonolitico\target\classes;C:\Users\R4NP3R\.m2\repository\org\jboss\spec\jboss-javaee-all-7.0\1.1.1.Final\jboss-javaee-all-7.0-1.1.1.Final.jar;C:\Users\R4NP3R\.m2\repository\javax\activation\activation\1.1.1\activation-1.1.1.jar;C:\Users\R4NP3R\.m2\repository\javax\enterprise\cdi-api\1.2\cdi-api-1.2.jar;C:\Users\R4NP3R\.m2\repository\javax\inject\javax.inject\1\javax.inject-1.jar;C:\Users\R4NP3R\.m2\repository\javax\jws\jsr181-api\1.0-MR1\jsr181-api-1.0-MR1.jar;C:\Users\R4NP3R\.m2\repository\com\sun\mail\javax.mail\1.5.6\javax.mail-1.5.6.jar;C:\Users\R4NP3R\.m2\repository\javax\validation\validation-api\1.1.0.Final\validation-api-1.1.0.Final.jar;C:\Users\R4NP3R\.m2\repository\org\hibernate\javax\persistence\hibernate-jpa-2.1-api\1.0.0.Final\hibernate-jpa-2.1-api-1.0.0.Final.jar;C:\Users\R4NP3R\.m2\repository\org\jboss\spec\javax\annotation\jboss-annotations-api_1.2_spec\1.0.2.Final\jboss-annotations-api_1.2_spec-1.0.2.Final.jar;C:\Users\R4NP3R\.m2\repository\org\jboss\spec\javax\batch\jboss-batch-api_1.0_spec\1.0.1.Final\jboss-batch-api_1.0_spec-1.0.1.Final.jar;C:\Users\R4NP3R\.m2\repository\org\jboss\spec\javax\ejb\jboss-ejb-api_3.2_spec\1.0.1.Final\jboss-ejb-api_3.2_spec-1.0.1.Final.jar;C:\Users\R4NP3R\.m2\repository\org\jboss\spec\javax\el\jboss-el-api_3.0_spec\1.0.11.Final\jboss-el-api_3.0_spec-1.0.11.Final.jar;C:\Users\R4NP3R\.m2\repository\org\jboss\spec\javax\enterprise\concurrent\jboss-concurrency-api_1.0_spec\1.0.1.Final\jboss-concurrency-api_1.0_spec-1.0.1.Final.jar;C:\Users\R4NP3R\.m2\repository\org\jboss\spec\javax\faces\jboss-jsf-api_2.2_spec\2.2.14\jboss-jsf-api_2.2_spec-2.2.14.jar;C:\Users\R4NP3R\.m2\repository\org\jboss\spec\javax\interceptor\jboss-interceptors-api_1.2_spec\1.0.1.Final\jboss-interceptors-api_1.2_spec-1.0.1.Final.jar;C:\Users\R4NP3R\.m2\repository\org\jboss\spec\javax\json\jboss-json-api_1.0_spec\1.0.1.Final\jboss-json-api_1.0_spec-1.0.1.Final.jar;C:\Users\R4NP3R\.m2\repository\org\jboss\spec\javax\management\j2ee\jboss-j2eemgmt-api_1.1_spec\1.0.2.Final\jboss-j2eemgmt-api_1.1_spec-1.0.2.Final.jar;C:\Users\R4NP3R\.m2\repository\org\jboss\spec\javax\resource\jboss-connector-api_1.7_spec\1.0.1.Final\jboss-connector-api_1.7_spec-1.0.1.Final.jar;C:\Users\R4NP3R\.m2\repository\org\jboss\spec\javax\rmi\jboss-rmi-api_1.0_spec\1.0.6.Final\jboss-rmi-api_1.0_spec-1.0.6.Final.jar;C:\Users\R4NP3R\.m2\repository\org\jboss\spec\javax\security\jacc\jboss-jacc-api_1.5_spec\1.0.2.Final\jboss-jacc-api_1.5_spec-1.0.2.Final.jar;C:\Users\R4NP3R\.m2\repository\org\jboss\spec\javax\servlet\jboss-servlet-api_3.1_spec\1.0.0.Final\jboss-servlet-api_3.1_spec-1.0.0.Final.jar;C:\Users\R4NP3R\.m2\repository\org\jboss\spec\javax\security\auth\message\jboss-jaspi-api_1.1_spec\1.0.2.Final\jboss-jaspi-api_1.1_spec-1.0.2.Final.jar;C:\Users\R4NP3R\.m2\repository\org\jboss\spec\javax\jms\jboss-jms-api_2.0_spec\1.0.2.Final\jboss-jms-api_2.0_spec-1.0.2.Final.jar;C:\Users\R4NP3R\.m2\repository\org\jboss\spec\javax\transaction\jboss-transaction-api_1.2_spec\1.1.1.Final\jboss-transaction-api_1.2_spec-1.1.1.Final.jar;C:\Users\R4NP3R\.m2\repository\org\jboss\spec\javax\ws\rs\jboss-jaxrs-api_2.0_spec\1.0.1.Final\jboss-jaxrs-api_2.0_spec-1.0.1.Final.jar;C:\Users\R4NP3R\.m2\repository\org\jboss\spec\javax\websocket\jboss-websocket-api_1.1_spec\1.1.3.Final\jboss-websocket-api_1.1_spec-1.1.3.Final.jar;C:\Users\R4NP3R\.m2\repository\org\jboss\spec\javax\xml\bind\jboss-jaxb-api_2.2_spec\1.0.5.Final\jboss-jaxb-api_2.2_spec-1.0.5.Final.jar;C:\Users\R4NP3R\.m2\repository\org\jboss\spec\javax\xml\soap\jboss-saaj-api_1.3_spec\1.0.6.Final\jboss-saaj-api_1.3_spec-1.0.6.Final.jar;C:\Users\R4NP3R\.m2\repository\org\jboss\spec\javax\xml\ws\jboss-jaxws-api_2.2_spec\2.0.5.Final\jboss-jaxws-api_2.2_spec-2.0.5.Final.jar;C:\Users\R4NP3R\.m2\repository\org\glassfish\jakarta.faces\4.1.0-M1\jakarta.faces-4.1.0-M1.jar;C:\Users\R4NP3R\.m2\repository\jakarta\annotation\jakarta.annotation-api\3.0.0-M1\jakarta.annotation-api-3.0.0-M1.jar;C:\Users\R4NP3R\.m2\repository\org\primefaces\primefaces\11.0.0\primefaces-11.0.0.jar;C:\Users\R4NP3R\.m2\repository\org\primefaces\themes\all-themes\1.0.10\all-themes-1.0.10.jar;C:\Users\R4NP3R\.m2\repository\org\postgresql\postgresql\42.3.2\postgresql-42.3.2.jar;C:\Users\R4NP3R\.m2\repository\org\checkerframework\checker-qual\3.5.0\checker-qual-3.5.0.jar;C:\Users\R4NP3R\.m2\repository\junit\junit\4.13.2\junit-4.13.2.jar;C:\Users\R4NP3R\.m2\repository\org\hamcrest\hamcrest-core\1.3\hamcrest-core-1.3.jar;C:\Users\R4NP3R\.m2\repository\javax\batch\javax.batch-api\1.0.1\javax.batch-api-1.0.1.jar;C:\Users\R4NP3R\.m2\repository\org\hibernate\orm\hibernate-core\6.4.4.Final\hibernate-core-6.4.4.Final.jar;C:\Users\R4NP3R\.m2\repository\jakarta\persistence\jakarta.persistence-api\3.1.0\jakarta.persistence-api-3.1.0.jar;C:\Users\R4NP3R\.m2\repository\jakarta\transaction\jakarta.transaction-api\2.0.1\jakarta.transaction-api-2.0.1.jar;C:\Users\R4NP3R\.m2\repository\org\jboss\logging\jboss-logging\3.5.0.Final\jboss-logging-3.5.0.Final.jar;C:\Users\R4NP3R\.m2\repository\org\hibernate\common\hibernate-commons-annotations\6.0.6.Final\hibernate-commons-annotations-6.0.6.Final.jar;C:\Users\R4NP3R\.m2\repository\io\smallrye\jandex\3.1.2\jandex-3.1.2.jar;C:\Users\R4NP3R\.m2\repository\com\fasterxml\classmate\1.5.1\classmate-1.5.1.jar;C:\Users\R4NP3R\.m2\repository\net\bytebuddy\byte-buddy\1.14.11\byte-buddy-1.14.11.jar;C:\Users\R4NP3R\.m2\repository\jakarta\xml\bind\jakarta.xml.bind-api\4.0.0\jakarta.xml.bind-api-4.0.0.jar;C:\Users\R4NP3R\.m2\repository\jakarta\activation\jakarta.activation-api\2.1.0\jakarta.activation-api-2.1.0.jar;C:\Users\R4NP3R\.m2\repository\org\glassfish\jaxb\jaxb-runtime\4.0.2\jaxb-runtime-4.0.2.jar;C:\Users\R4NP3R\.m2\repository\org\glassfish\jaxb\jaxb-core\4.0.2\jaxb-core-4.0.2.jar;C:\Users\R4NP3R\.m2\repository\org\eclipse\angus\angus-activation\2.0.0\angus-activation-2.0.0.jar;C:\Users\R4NP3R\.m2\repository\org\glassfish\jaxb\txw2\4.0.2\txw2-4.0.2.jar;C:\Users\R4NP3R\.m2\repository\com\sun\istack\istack-commons-runtime\4.1.1\istack-commons-runtime-4.1.1.jar;C:\Users\R4NP3R\.m2\repository\jakarta\inject\jakarta.inject-api\2.0.1\jakarta.inject-api-2.0.1.jar;C:\Users\R4NP3R\.m2\repository\org\antlr\antlr4-runtime\4.13.0\antlr4-runtime-4.13.0.jar;"/>
    <property name="sun.cpu.endian" value="little"/>
    <property name="user.home" value="C:\Users\R4NP3R"/>
    <property name="user.language" value="en"/>
    <property name="java.specification.vendor" value="Oracle Corporation"/>
    <property name="java.version.date" value="2023-07-18"/>
    <property name="java.home" value="C:\Program Files\Java\jdk-11"/>
    <property name="file.separator" value="\"/>
    <property name="style.color" value="always"/>
    <property name="basedir" value="C:\Users\R4NP3R\eclipse-workspace\vendasMonolitico"/>
    <property name="java.vm.compressedOopsMode" value="Zero based"/>
    <property name="line.separator" value="&#10;"/>
    <property name="java.specification.name" value="Java Platform API Specification"/>
    <property name="java.vm.specification.vendor" value="Oracle Corporation"/>
    <property name="java.awt.graphicsenv" value="sun.awt.Win32GraphicsEnvironment"/>
    <property name="surefire.real.class.path" value="C:\Users\R4NP3R\AppData\Local\Temp\surefire7069381798534084776\surefirebooter-20240327111711609_3.jar"/>
    <property name="user.script" value=""/>
    <property name="sun.management.compiler" value="HotSpot 64-Bit Tiered Compilers"/>
    <property name="java.runtime.version" value="11.0.20+9-LTS-256"/>
    <property name="user.name" value="R4NP3R"/>
    <property name="path.separator" value=";"/>
    <property name="os.version" value="10.0"/>
    <property name="java.runtime.name" value="Java(TM) SE Runtime Environment"/>
    <property name="file.encoding" value="Cp1252"/>
    <property name="java.vm.name" value="Java HotSpot(TM) 64-Bit Server VM"/>
    <property name="java.vendor.version" value="18.9"/>
    <property name="localRepository" value="C:\Users\R4NP3R\.m2\repository"/>
    <property name="java.vendor.url.bug" value="https://bugreport.java.com/bugreport/"/>
    <property name="java.io.tmpdir" value="C:\Users\R4NP3R\AppData\Local\Temp\"/>
    <property name="java.version" value="11.0.20"/>
    <property name="user.dir" value="C:\Users\R4NP3R\eclipse-workspace\vendasMonolitico"/>
    <property name="os.arch" value="amd64"/>
    <property name="java.vm.specification.name" value="Java Virtual Machine Specification"/>
    <property name="java.awt.printerjob" value="sun.awt.windows.WPrinterJob"/>
    <property name="user.language.format" value="pt"/>
    <property name="sun.os.patch.level" value=""/>
    <property name="java.library.path" value="C:\Program Files\Java\jdk-11\bin;C:\Windows\Sun\Java\bin;C:\Windows\system32;C:\Windows;C:/Users/R4NP3R/.p2/pool/plugins/org.eclipse.justj.openjdk.hotspot.jre.full.win32.x86_64_17.0.10.v20240120-1143/jre/bin/server;C:/Users/R4NP3R/.p2/pool/plugins/org.eclipse.justj.openjdk.hotspot.jre.full.win32.x86_64_17.0.10.v20240120-1143/jre/bin;C:\Program Files (x86)\Razer Chroma SDK\bin;C:\Program Files\Razer Chroma SDK\bin;C:\Program Files\Common Files\Oracle\Java\javapath;C:\Program Files (x86)\Common Files\Oracle\Java\javapath;C:\Windows\system32;C:\Windows;C:\Windows\System32\Wbem;C:\Windows\System32\WindowsPowerShell\v1.0\;C:\Windows\System32\OpenSSH\;C:\Program Files\NVIDIA Corporation\NVIDIA NvDLISR;C:\Program Files (x86)\NVIDIA Corporation\PhysX\Common;C:\Program Files\Git\cmd;C:\Program Files\Java\jdk-11\bin;C:\Program Files\nodejs\;C:\Windows\system32\config\systemprofile\AppData\Local\Microsoft\WindowsApps;C:\Program Files (x86)\Razer\ChromaBroadcast\bin;C:\Program Files\Razer\ChromaBroadcast\bin;C:\Users\R4NP3R\AppData\Local\Microsoft\WindowsApps;C:\Users\R4NP3R\AppData\Local\Programs\Microsoft VS Code\bin;C:\Users\R4NP3R\AppData\Roaming\npm;;C:\Program Files\Docker\Docker\resources\bin;C:\Users\R4NP3R\AppData\Local\Microsoft\WindowsApps;;C:\Users\R4NP3R\AppData\Local\Programs\Microsoft VS Code\bin;C:\Users\R4NP3R\AppData\Roaming\npm;C:\Users\R4NP3R\AppData\Local\Programs\mongosh\;C:\Windows\System32;;."/>
    <property name="java.vendor" value="Oracle Corporation"/>
    <property name="java.vm.info" value="mixed mode"/>
    <property name="java.vm.version" value="11.0.20+9-LTS-256"/>
    <property name="java.specification.maintenance.version" value="2"/>
    <property name="sun.io.unicode.encoding" value="UnicodeLittle"/>
    <property name="java.class.version" value="55.0"/>
  </properties>
  <testcase name="salvarCliente" classname="ranper.ClienteServiceTest" time="0.0"/>
  <testcase name="excluirCliente" classname="ranper.ClienteServiceTest" time="0.0"/>
  <testcase name="pesquisarCliente" classname="ranper.ClienteServiceTest" time="0.0"/>
  <testcase name="alterarCliente" classname="ranper.ClienteServiceTest" time="0.0"/>
</testsuite>